<?xml version="1.0" encoding="UTF-8"?>
<!-- Generated by org.testng.reporters.JUnitReportReporter -->
<testsuite hostname="DESKTOP-GDDCI8S" failures="0" tests="1" name="Testng.Instagram_login" time="4.202" errors="0" timestamp="2024-02-28T10:03:18 IST" skipped="0">
  <testcase classname="Testng.Instagram_login" name="login" time="4.202"/>
  <system-out/>
</testsuite> <!-- Testng.Instagram_login -->
