<?xml version="1.0" encoding="UTF-8"?>
<!-- Generated by org.testng.reporters.JUnitReportReporter -->
<testsuite hostname="DESKTOP-GDDCI8S" failures="0" tests="1" name="pom.login" time="7.317" errors="0" timestamp="2024-02-28T10:31:18 IST" skipped="0">
  <testcase classname="pom.login" name="login" time="7.317"/>
  <system-out/>
</testsuite> <!-- pom.login -->
